2018/03/27-17:36:34: getTargetRootPath start.
2018/03/27-17:36:34: resoucePath: /opt/smartc/record/; targetPath: /media/navi/SeagateExpansionDrive/
2018/03/27-17:36:34: roscameragpsimg.navi-ntd.invalid-user.log.INFO.20180327-164726.14526 is active.
2018/03/27-17:36:34: /opt/smartc/record//1001-1-008sc0004-180327 is an active project.
2018/03/27-17:36:34: sc_integrate_imu_recorder_node.navi-ntd.invalid-user.log.INFO.20180327-140709.14572 is not active.
2018/03/27-17:36:34: roscameragpsimg.navi-ntd.invalid-user.log.INFO.20180327-135900.3456 is not active.
2018/03/27-17:36:34: CloudNodelet.navi-ntd.invalid-user.log.INFO.20180327-110312.6882 is not active.
2018/03/27-17:37:40: getTargetRootPath start.
2018/03/27-17:37:40: resoucePath: /opt/smartc/record/; targetPath: /media/navi/SeagateExpansionDrive/
2018/03/27-17:37:40: isActiveProjectPath start, check /opt/smartc/record//1001-1-008sc0004-180327.
2018/03/27-17:37:40: sc_integrate_imu_recorder_node.navi-ntd.invalid-user.log.INFO.20180327-164726.14496 is not active.
2018/03/27-17:37:40: isActiveProjectPath start, check /opt/smartc/record//1001-1-00512345-180327.
2018/03/27-17:37:40: sc_integrate_imu_recorder_node.navi-ntd.invalid-user.log.INFO.20180327-140709.14572 is not active.
2018/03/27-17:37:40: isActiveProjectPath start, check /opt/smartc/record//1001-1-0032356-180327.
2018/03/27-17:37:40: roscameragpsimg.navi-ntd.invalid-user.log.INFO.20180327-135900.3456 is not active.
2018/03/27-17:37:40: isActiveProjectPath start, check /opt/smartc/record//1001-1-002sc0004-180327.
2018/03/27-17:37:40: CloudNodelet.navi-ntd.invalid-user.log.INFO.20180327-110312.6882 is not active.
2018/03/27-17:38:49: getTargetRootPath start.
2018/03/27-17:38:49: resoucePath: /opt/smartc/record/; targetPath: /media/navi/SeagateExpansionDrive/
2018/03/27-17:38:49: isActiveProjectPath start, check /opt/smartc/record//1001-1-0011sc0004-180327.
2018/03/27-17:38:49: sc_integrate_imu_recorder_node.navi-ntd.invalid-user.log.INFO.20180327-173832.15604 is active.
2018/03/27-17:38:49: /opt/smartc/record//1001-1-0011sc0004-180327 is an active project.
2018/03/27-17:38:49: isActiveProjectPath start, check /opt/smartc/record//1001-1-008sc0004-180327.
2018/03/27-17:38:49: sc_integrate_imu_recorder_node.navi-ntd.invalid-user.log.INFO.20180327-164726.14496 is not active.
2018/03/27-17:38:49: isActiveProjectPath start, check /opt/smartc/record//1001-1-00512345-180327.
2018/03/27-17:38:49: sc_integrate_imu_recorder_node.navi-ntd.invalid-user.log.INFO.20180327-140709.14572 is not active.
2018/03/27-17:38:49: isActiveProjectPath start, check /opt/smartc/record//1001-1-0032356-180327.
2018/03/27-17:38:49: roscameragpsimg.navi-ntd.invalid-user.log.INFO.20180327-135900.3456 is not active.
2018/03/27-17:38:49: isActiveProjectPath start, check /opt/smartc/record//1001-1-002sc0004-180327.
2018/03/27-17:38:49: CloudNodelet.navi-ntd.invalid-user.log.INFO.20180327-110312.6882 is not active.
2018/03/27-17:40:07: getTargetRootPath start.
2018/03/27-17:40:07: resoucePath: /opt/smartc/record/; targetPath: /media/navi/SeagateExpansionDrive/
2018/03/27-17:40:07: isActiveProjectPath start, check /opt/smartc/record//1001-1-0011sc0004-180327.
2018/03/27-17:40:07: roscameragpsimg.navi-ntd.invalid-user.log.INFO.20180327-173832.15634 is active.
2018/03/27-17:40:07: /opt/smartc/record//1001-1-0011sc0004-180327 is an active project.
2018/03/27-17:40:07: isActiveProjectPath start, check /opt/smartc/record//1001-1-008sc0004-180327.
2018/03/27-17:40:07: sc_integrate_imu_recorder_node.navi-ntd.invalid-user.log.INFO.20180327-164726.14496 is not active.
2018/03/27-17:40:17: isActiveProjectPath start, check /opt/smartc/record//1001-1-00512345-180327.
2018/03/27-17:40:17: sc_integrate_imu_recorder_node.navi-ntd.invalid-user.log.INFO.20180327-140709.14572 is not active.
2018/03/27-17:40:18: isActiveProjectPath start, check /opt/smartc/record//1001-1-0032356-180327.
2018/03/27-17:40:18: roscameragpsimg.navi-ntd.invalid-user.log.INFO.20180327-135900.3456 is not active.
2018/03/27-17:40:18: isActiveProjectPath start, check /opt/smartc/record//1001-1-002sc0004-180327.
2018/03/27-17:40:18: CloudNodelet.navi-ntd.invalid-user.log.INFO.20180327-110312.6882 is not active.
2018/03/27-17:49:11: getTargetRootPath start.
2018/03/27-17:49:11: resoucePath: /opt/smartc/record/; targetPath: /media/navi/SeagateExpansionDrive/
2018/03/27-17:49:11: isActiveProjectPath start, check /opt/smartc/record//1001-1-0011sc0004-180327.
2018/03/27-17:49:11: roscameragpsimg.navi-ntd.invalid-user.log.INFO.20180327-173832.15634 is not active.
2018/03/27-17:49:12: copy :/opt/smartc/record//1001-1-0011sc0004-180327 To /media/navi/SeagateExpansionDrive//
2018/03/27-17:49:12: isActiveProjectPath start, check /opt/smartc/record//1001-1-008sc0004-180327.
2018/03/27-17:49:12: sc_integrate_imu_recorder_node.navi-ntd.invalid-user.log.INFO.20180327-164726.14496 is not active.
2018/03/27-17:49:22: copy :/opt/smartc/record//1001-1-008sc0004-180327 To /media/navi/SeagateExpansionDrive//
2018/03/27-17:49:22: isActiveProjectPath start, check /opt/smartc/record//1001-1-00512345-180327.
2018/03/27-17:49:22: sc_integrate_imu_recorder_node.navi-ntd.invalid-user.log.INFO.20180327-140709.14572 is not active.
2018/03/27-17:49:24: copy :/opt/smartc/record//1001-1-00512345-180327 To /media/navi/SeagateExpansionDrive//
2018/03/27-17:49:24: isActiveProjectPath start, check /opt/smartc/record//1001-1-0032356-180327.
2018/03/27-17:49:24: roscameragpsimg.navi-ntd.invalid-user.log.INFO.20180327-135900.3456 is not active.
2018/03/27-17:49:24: copy :/opt/smartc/record//1001-1-0032356-180327 To /media/navi/SeagateExpansionDrive//
2018/03/27-17:49:24: isActiveProjectPath start, check /opt/smartc/record//1001-1-002sc0004-180327.
2018/03/27-17:49:24: CloudNodelet.navi-ntd.invalid-user.log.INFO.20180327-110312.6882 is not active.
2018/03/27-17:49:24: copy :/opt/smartc/record//1001-1-002sc0004-180327 To /media/navi/SeagateExpansionDrive//
2018/03/27-17:50:15: getTargetRootPath start.
2018/03/27-17:50:15: resoucePath: /opt/smartc/record/; targetPath: /media/navi/SeagateExpansionDrive/
2018/03/27-17:50:15: isActiveProjectPath start, check /opt/smartc/record//1001-1-0011sc0004-180327.
2018/03/27-17:50:15: roscameragpsimg.navi-ntd.invalid-user.log.INFO.20180327-173832.15634 is not active.
2018/03/27-17:50:40: getTargetRootPath start.
2018/03/27-17:50:40: resoucePath: /opt/smartc/record/; targetPath: /media/navi/SeagateExpansionDrive/
2018/03/27-17:50:40: isActiveProjectPath start, check /opt/smartc/record//1001-1-0011sc0004-180327.
2018/03/27-17:50:40: roscameragpsimg.navi-ntd.invalid-user.log.INFO.20180327-173832.15634 is not active.
2018/03/27-17:51:07: getTargetRootPath start.
2018/03/27-17:51:07: resoucePath: /opt/smartc/record/; targetPath: /media/navi/SeagateExpansionDrive/
2018/03/27-17:51:07: isActiveProjectPath start, check /opt/smartc/record//1001-1-0011sc0004-180327.
2018/03/27-17:51:07: roscameragpsimg.navi-ntd.invalid-user.log.INFO.20180327-173832.15634 is not active.
2018/03/27-17:51:07: /opt/smartc/record//1001-1-0011sc0004-180327 does not copy
2018/03/27-17:51:07: isActiveProjectPath start, check /opt/smartc/record//1001-1-008sc0004-180327.
2018/03/27-17:51:07: sc_integrate_imu_recorder_node.navi-ntd.invalid-user.log.INFO.20180327-164726.14496 is not active.
2018/03/27-17:51:08: /opt/smartc/record//1001-1-008sc0004-180327 does not copy
2018/03/27-17:51:08: isActiveProjectPath start, check /opt/smartc/record//1001-1-00512345-180327.
2018/03/27-17:51:08: sc_integrate_imu_recorder_node.navi-ntd.invalid-user.log.INFO.20180327-140709.14572 is not active.
2018/03/27-17:51:08: /opt/smartc/record//1001-1-00512345-180327 does not copy
2018/03/27-17:51:08: isActiveProjectPath start, check /opt/smartc/record//1001-1-0032356-180327.
2018/03/27-17:51:08: roscameragpsimg.navi-ntd.invalid-user.log.INFO.20180327-135900.3456 is not active.
2018/03/27-17:51:08: /opt/smartc/record//1001-1-0032356-180327 does not copy
2018/03/27-17:51:08: isActiveProjectPath start, check /opt/smartc/record//1001-1-002sc0004-180327.
2018/03/27-17:51:08: CloudNodelet.navi-ntd.invalid-user.log.INFO.20180327-110312.6882 is not active.
2018/03/27-17:51:08: /opt/smartc/record//1001-1-002sc0004-180327 does not copy
2018/03/27-17:51:13: getTargetRootPath start.
2018/03/27-17:51:13: resoucePath: /opt/smartc/record/; targetPath: /media/navi/SeagateExpansionDrive/
2018/03/27-17:51:13: isActiveProjectPath start, check /opt/smartc/record//1001-1-0011sc0004-180327.
2018/03/27-17:51:13: roscameragpsimg.navi-ntd.invalid-user.log.INFO.20180327-173832.15634 is not active.
2018/03/27-17:51:13: /opt/smartc/record//1001-1-0011sc0004-180327 does not copy
2018/03/27-17:51:13: isActiveProjectPath start, check /opt/smartc/record//1001-1-008sc0004-180327.
2018/03/27-17:51:13: sc_integrate_imu_recorder_node.navi-ntd.invalid-user.log.INFO.20180327-164726.14496 is not active.
2018/03/27-17:51:13: /opt/smartc/record//1001-1-008sc0004-180327 does not copy
2018/03/27-17:51:13: isActiveProjectPath start, check /opt/smartc/record//1001-1-00512345-180327.
2018/03/27-17:51:13: sc_integrate_imu_recorder_node.navi-ntd.invalid-user.log.INFO.20180327-140709.14572 is not active.
2018/03/27-17:51:13: /opt/smartc/record//1001-1-00512345-180327 does not copy
2018/03/27-17:51:13: isActiveProjectPath start, check /opt/smartc/record//1001-1-0032356-180327.
2018/03/27-17:51:13: roscameragpsimg.navi-ntd.invalid-user.log.INFO.20180327-135900.3456 is not active.
2018/03/27-17:51:13: /opt/smartc/record//1001-1-0032356-180327 does not copy
2018/03/27-17:51:13: isActiveProjectPath start, check /opt/smartc/record//1001-1-002sc0004-180327.
2018/03/27-17:51:13: CloudNodelet.navi-ntd.invalid-user.log.INFO.20180327-110312.6882 is not active.
2018/03/27-17:51:13: /opt/smartc/record//1001-1-002sc0004-180327 does not copy
